<?xml version="1.0" encoding="UTF-8"?>
<coverage generated="1615314105393" clover="3.2.0">
  <project timestamp="1615314105393" name="All files">
    <metrics statements="6" coveredstatements="6" conditionals="4" coveredconditionals="4" methods="2" coveredmethods="2" elements="12" coveredelements="12" complexity="0" loc="6" ncloc="6" packages="1" files="1" classes="1"/>
    <file name="index.js" path="C:\Users\artem\Desktop\Netology\Продвинутый JS\containers_map\src\index.js">
      <metrics statements="6" coveredstatements="6" conditionals="4" coveredconditionals="4" methods="2" coveredmethods="2"/>
      <line num="4" count="3" type="stmt"/>
      <line num="9" count="3" type="stmt"/>
      <line num="10" count="7" type="cond" truecount="2" falsecount="0"/>
      <line num="11" count="2" type="stmt"/>
      <line num="12" count="5" type="cond" truecount="2" falsecount="0"/>
      <line num="13" count="1" type="stmt"/>
    </file>
  </project>
</coverage>
