<?xml version="1.0" encoding="UTF-8"?>
<coverage generated="1615313463134" clover="3.2.0">
  <project timestamp="1615313463134" name="All files">
    <metrics statements="6" coveredstatements="6" conditionals="4" coveredconditionals="3" methods="2" coveredmethods="2" elements="12" coveredelements="11" complexity="0" loc="6" ncloc="6" packages="1" files="1" classes="1"/>
    <file name="index.js" path="C:\Users\artem\Desktop\Netology\Продвинутый JS\containers_map\src\index.js">
      <metrics statements="6" coveredstatements="6" conditionals="4" coveredconditionals="3" methods="2" coveredmethods="2"/>
      <line num="4" count="2" type="stmt"/>
      <line num="9" count="2" type="stmt"/>
      <line num="10" count="2" type="cond" truecount="2" falsecount="0"/>
      <line num="11" count="1" type="stmt"/>
      <line num="12" count="1" type="cond" truecount="1" falsecount="1"/>
      <line num="13" count="1" type="stmt"/>
    </file>
  </project>
</coverage>
