{"C:\\Users\\artem\\Desktop\\Netology\\Продвинутый JS\\containers_map\\src\\index.js": {"path":"C:\\Users\\artem\\Desktop\\Netology\\Продвинутый JS\\containers_map\\src\\index.js","statementMap":{"0":{"start":{"line":4,"column":4},"end":{"line":4,"column":143}},"1":{"start":{"line":9,"column":4},"end":{"line":15,"column":5}},"2":{"start":{"line":10,"column":6},"end":{"line":12,"column":7}},"3":{"start":{"line":11,"column":8},"end":{"line":11,"column":21}},"4":{"start":{"line":12,"column":8},"end":{"line":14,"column":7}},"5":{"start":{"line":13,"column":8},"end":{"line":13,"column":31}}},"fnMap":{"0":{"name":"(anonymous_0)","decl":{"start":{"line":3,"column":2},"end":{"line":3,"column":3}},"loc":{"start":{"line":3,"column":16},"end":{"line":5,"column":3}},"line":3},"1":{"name":"(anonymous_1)","decl":{"start":{"line":8,"column":2},"end":{"line":8,"column":3}},"loc":{"start":{"line":8,"column":18},"end":{"line":16,"column":3}},"line":8}},"branchMap":{"0":{"loc":{"start":{"line":10,"column":6},"end":{"line":12,"column":7}},"type":"if","locations":[{"start":{"line":10,"column":6},"end":{"line":12,"column":7}},{"start":{"line":10,"column":6},"end":{"line":12,"column":7}}],"line":10},"1":{"loc":{"start":{"line":12,"column":8},"end":{"line":14,"column":7}},"type":"if","locations":[{"start":{"line":12,"column":8},"end":{"line":14,"column":7}},{"start":{"line":12,"column":8},"end":{"line":14,"column":7}}],"line":12}},"s":{"0":3,"1":3,"2":7,"3":2,"4":5,"5":1},"f":{"0":3,"1":3},"b":{"0":[2,5],"1":[1,4]},"_coverageSchema":"1a1c01bbd47fc00a2c39e90264f33305004495a9","hash":"41b678e86a1b0c39b687e98ccda718df03bb74ec"}
}
